S 1300,-600 1500,-800
M 1444.1078,-737.79339 
C 1456.0823,-737.79339 1470.3445,-736.58243 1474.65,-734.42967 
C 1474.65,-731.20053 1474.65,-720.30219 1474.65,-719.22582 
C 1474.65,-703.88739 1483.3956,-701.73462 1483.3956,-701.73462 
C 1483.3956,-701.73462 1483.3956,-695.14181 1483.3956,-687.60714 
C 1483.3956,-677.78516 1481.2429,-671.19234 1481.2429,-671.19234 
C 1476.8027,-670.11598 1465.9044,-666.88681 1453.9295,-658.14123 
C 1445.184,-651.54841 1437.5149,-641.72643 1437.5149,-631.90448 
C 1437.5149,-625.44618 1438.5911,-621.00613 1440.8785,-616.7006 
C 1440.8785,-616.7006 1436.4384,-614.54783 1428.7694,-614.54783 
C 1419.0819,-615.62419 1408.1836,-623.29341 1401.5907,-635.26816 
C 1392.8451,-650.47201 1388.5397,-669.03957 1378.7175,-669.03957 
C 1368.8958,-669.03957 1368.8958,-659.21763 1361.2264,-659.21763 
C 1352.4808,-659.21763 1347.0988,-673.34511 1344.9461,-679.93792 
C 1339.4298,-689.75991 1326.3787,-692.98904 1325.3022,-708.32747 
L 1366.7427,-708.32747 
C 1366.7427,-731.20053 1366.7427,-744.25165 1366.7427,-767.12471 
C 1381.9468,-767.12471 1390.6924,-767.12471 1405.8962,-767.12471 
L 1405.8962,-742.09888 
C 1407.107,-741.02252 1410.3363,-739.94612 1414.6418,-738.86975 
L 1410.3363,-719.22582 
L 1398.3614,-719.22582 
L 1393.9213,-701.73462 
L 1405.8962,-701.73462 
L 1401.5907,-679.93792 
C 1401.5907,-676.70879 1400.5142,-669.03957 1401.5907,-665.81044 
C 1403.7435,-657.06486 1409.2597,-653.83569 1416.7945,-653.83569 
C 1427.6928,-653.83569 1437.5149,-659.21763 1437.5149,-659.21763 
L 1441.9551,-673.34511 
C 1439.8023,-673.34511 1436.4384,-673.34511 1434.2857,-673.34511 
C 1432.1329,-673.34511 1429.9802,-673.34511 1431.0564,-678.86156 
L 1436.4384,-701.73462 
L 1448.4133,-701.73462 
L 1452.8534,-719.22582 
L 1440.8785,-719.22582 
L 1444.1078,-737.79339

